[debug] [2026-03-03T13:47:24.320Z] ----------------------------------------------------------------------
[debug] [2026-03-03T13:47:24.325Z] Command:       /Users/santhakumarchigurupati/.nvm/versions/node/v20.18.0/bin/node /Users/santhakumarchigurupati/.nvm/versions/node/v20.18.0/bin/firebase deploy --only hosting
[debug] [2026-03-03T13:47:24.325Z] CLI Version:   13.24.1
[debug] [2026-03-03T13:47:24.325Z] Platform:      darwin
[debug] [2026-03-03T13:47:24.325Z] Node Version:  v20.18.0
[debug] [2026-03-03T13:47:24.325Z] Time:          Tue Mar 03 2026 19:17:24 GMT+0530 (India Standard Time)
[debug] [2026-03-03T13:47:24.325Z] ----------------------------------------------------------------------
[debug] 
[debug] [2026-03-03T13:47:24.366Z] > command requires scopes: ["email","openid","https://www.googleapis.com/auth/cloudplatformprojects.readonly","https://www.googleapis.com/auth/firebase","https://www.googleapis.com/auth/cloud-platform"]
[debug] [2026-03-03T13:47:24.366Z] > authorizing via signed-in user (schigurupatis@gmail.com)
[debug] [2026-03-03T13:47:24.366Z] [iam] checking project berachahhouseofworship-kota for permissions ["firebase.projects.get","firebasehosting.sites.update"]
[debug] [2026-03-03T13:47:24.367Z] Checked if tokens are valid: false, expires at: 1739474532782
[debug] [2026-03-03T13:47:24.367Z] Checked if tokens are valid: false, expires at: 1739474532782
[debug] [2026-03-03T13:47:24.367Z] > refreshing access token with scopes: []
[debug] [2026-03-03T13:47:24.368Z] >>> [apiv2][query] POST https://www.googleapis.com/oauth2/v3/token [none]
[debug] [2026-03-03T13:47:24.368Z] >>> [apiv2][body] POST https://www.googleapis.com/oauth2/v3/token [omitted]
[debug] [2026-03-03T13:47:24.592Z] <<< [apiv2][status] POST https://www.googleapis.com/oauth2/v3/token 400
[debug] [2026-03-03T13:47:24.592Z] <<< [apiv2][body] POST https://www.googleapis.com/oauth2/v3/token [omitted]
[debug] [2026-03-03T13:47:24.592Z] >>> [apiv2][query] POST https://cloudresourcemanager.googleapis.com/v1/projects/berachahhouseofworship-kota:testIamPermissions [none]
[debug] [2026-03-03T13:47:24.593Z] >>> [apiv2][(partial)header] POST https://cloudresourcemanager.googleapis.com/v1/projects/berachahhouseofworship-kota:testIamPermissions x-goog-quota-user=projects/berachahhouseofworship-kota
[debug] [2026-03-03T13:47:24.593Z] >>> [apiv2][body] POST https://cloudresourcemanager.googleapis.com/v1/projects/berachahhouseofworship-kota:testIamPermissions {"permissions":["firebase.projects.get","firebasehosting.sites.update"]}
[debug] [2026-03-03T13:47:26.031Z] <<< [apiv2][status] POST https://cloudresourcemanager.googleapis.com/v1/projects/berachahhouseofworship-kota:testIamPermissions 401
[debug] [2026-03-03T13:47:26.031Z] <<< [apiv2][body] POST https://cloudresourcemanager.googleapis.com/v1/projects/berachahhouseofworship-kota:testIamPermissions {"error":{"code":401,"message":"Request had invalid authentication credentials. Expected OAuth 2 access token, login cookie or other valid authentication credential. See https://developers.google.com/identity/sign-in/web/devconsole-project.","status":"UNAUTHENTICATED","details":[{"@type":"type.googleapis.com/google.rpc.ErrorInfo","reason":"ACCESS_TOKEN_TYPE_UNSUPPORTED","metadata":{"service":"cloudresourcemanager.googleapis.com","method":"google.cloudresourcemanager.v1.Projects.TestIamPermissions"}}]}}
[debug] [2026-03-03T13:47:26.031Z] Got a 401 Unauthenticated error for a call that required authentication. Refreshing tokens.
[debug] [2026-03-03T13:47:26.032Z] Checked if tokens are valid: false, expires at: 1739474532782
[debug] [2026-03-03T13:47:26.032Z] Checked if tokens are valid: false, expires at: 1739474532782
[debug] [2026-03-03T13:47:26.032Z] > refreshing access token with scopes: []
[debug] [2026-03-03T13:47:26.032Z] >>> [apiv2][query] POST https://www.googleapis.com/oauth2/v3/token [none]
[debug] [2026-03-03T13:47:26.032Z] >>> [apiv2][body] POST https://www.googleapis.com/oauth2/v3/token [omitted]
[debug] [2026-03-03T13:47:26.134Z] <<< [apiv2][status] POST https://www.googleapis.com/oauth2/v3/token 400
[debug] [2026-03-03T13:47:26.134Z] <<< [apiv2][body] POST https://www.googleapis.com/oauth2/v3/token [omitted]
[debug] [2026-03-03T13:47:26.134Z] [iam] error while checking permissions, command may fail: FirebaseError: Request to https://cloudresourcemanager.googleapis.com/v1/projects/berachahhouseofworship-kota:testIamPermissions had HTTP Error: 401, Request had invalid authentication credentials. Expected OAuth 2 access token, login cookie or other valid authentication credential. See https://developers.google.com/identity/sign-in/web/devconsole-project.
[debug] [2026-03-03T13:47:26.135Z] Checked if tokens are valid: false, expires at: 1739474532782
[debug] [2026-03-03T13:47:26.135Z] Checked if tokens are valid: false, expires at: 1739474532782
[debug] [2026-03-03T13:47:26.135Z] > refreshing access token with scopes: []
[debug] [2026-03-03T13:47:26.135Z] >>> [apiv2][query] POST https://www.googleapis.com/oauth2/v3/token [none]
[debug] [2026-03-03T13:47:26.135Z] >>> [apiv2][body] POST https://www.googleapis.com/oauth2/v3/token [omitted]
[debug] [2026-03-03T13:47:26.241Z] <<< [apiv2][status] POST https://www.googleapis.com/oauth2/v3/token 400
[debug] [2026-03-03T13:47:26.241Z] <<< [apiv2][body] POST https://www.googleapis.com/oauth2/v3/token [omitted]
[debug] [2026-03-03T13:47:26.242Z] >>> [apiv2][query] GET https://firebase.googleapis.com/v1beta1/projects/berachahhouseofworship-kota [none]
[debug] [2026-03-03T13:47:26.450Z] <<< [apiv2][status] GET https://firebase.googleapis.com/v1beta1/projects/berachahhouseofworship-kota 401
[debug] [2026-03-03T13:47:26.450Z] <<< [apiv2][body] GET https://firebase.googleapis.com/v1beta1/projects/berachahhouseofworship-kota {"error":{"code":401,"message":"Request had invalid authentication credentials. Expected OAuth 2 access token, login cookie or other valid authentication credential. See https://developers.google.com/identity/sign-in/web/devconsole-project.","status":"UNAUTHENTICATED"}}
[debug] [2026-03-03T13:47:26.450Z] Got a 401 Unauthenticated error for a call that required authentication. Refreshing tokens.
[debug] [2026-03-03T13:47:26.450Z] Checked if tokens are valid: false, expires at: 1739474532782
[debug] [2026-03-03T13:47:26.450Z] Checked if tokens are valid: false, expires at: 1739474532782
[debug] [2026-03-03T13:47:26.450Z] > refreshing access token with scopes: []
[debug] [2026-03-03T13:47:26.451Z] >>> [apiv2][query] POST https://www.googleapis.com/oauth2/v3/token [none]
[debug] [2026-03-03T13:47:26.451Z] >>> [apiv2][body] POST https://www.googleapis.com/oauth2/v3/token [omitted]
[debug] [2026-03-03T13:47:26.556Z] <<< [apiv2][status] POST https://www.googleapis.com/oauth2/v3/token 400
[debug] [2026-03-03T13:47:26.557Z] <<< [apiv2][body] POST https://www.googleapis.com/oauth2/v3/token [omitted]
[debug] [2026-03-03T13:47:26.557Z] Request to https://firebase.googleapis.com/v1beta1/projects/berachahhouseofworship-kota had HTTP Error: 401, Request had invalid authentication credentials. Expected OAuth 2 access token, login cookie or other valid authentication credential. See https://developers.google.com/identity/sign-in/web/devconsole-project.
[error] 
[error] Error: Assertion failed: resolving hosting target of a site with no site name or target name. This should have caused an error earlier
